
*** Running vivado
    with args -log dma_soc_wrap.vds -m64 -product Vivado -mode batch -messageDb vivado.pb -notrace -source dma_soc_wrap.tcl



****** Vivado v2024.1 (64-bit)
  **** SW Build 5076996 on Wed May 22 18:37:14 MDT 2024
  **** IP Build 5075265 on Wed May 22 21:45:21 MDT 2024
  **** SharedData Build 5076995 on Wed May 22 18:29:18 MDT 2024
  **** Start of session at: Fri Mar 20 15:54:36 2026
    ** Copyright 1986-2022 Xilinx, Inc. All Rights Reserved.
    ** Copyright 2022-2024 Advanced Micro Devices, Inc. All Rights Reserved.

source dma_soc_wrap.tcl -notrace
create_project: Time (s): cpu = 00:00:20 ; elapsed = 00:00:24 . Memory (MB): peak = 531.762 ; gain = 200.824
Command: read_checkpoint -auto_incremental -incremental D:/GITHUB_PROJECT/DMA_AXI_CTRL/DMA_CTRL.srcs/utils_1/imports/synth_1/dma_soc_wrap.dcp
INFO: [Vivado 12-5825] Read reference checkpoint from D:/GITHUB_PROJECT/DMA_AXI_CTRL/DMA_CTRL.srcs/utils_1/imports/synth_1/dma_soc_wrap.dcp for incremental synthesis
INFO: [Vivado 12-7989] Please ensure there are no constraint changes
Command: synth_design -top dma_soc_wrap -part xck26-sfvc784-2LV-c
Starting synth_design
Attempting to get a license for feature 'Synthesis' and/or device 'xck26'
INFO: [Common 17-349] Got license for feature 'Synthesis' and/or device 'xck26'
INFO: [Designutils 20-5440] No compile time benefit to using incremental synthesis; A full resynthesis will be run
INFO: [Designutils 20-4379] Flow is switching to default flow due to incremental criteria not met. If you would like to alter this behaviour and have the flow terminate instead, please set the following parameter config_implementation {autoIncr.Synth.RejectBehavior Terminate}
INFO: [Synth 8-7079] Multithreading enabled for synth_design using a maximum of 2 processes.
INFO: [Synth 8-7078] Launching helper process for spawning children vivado processes
INFO: [Synth 8-7075] Helper process launched with PID 23268
---------------------------------------------------------------------------------
Starting Synthesize : Time (s): cpu = 00:00:10 ; elapsed = 00:00:11 . Memory (MB): peak = 993.582 ; gain = 450.062
---------------------------------------------------------------------------------
INFO: [Synth 8-6157] synthesizing module 'dma_soc_wrap' [D:/GITHUB_PROJECT/DMA_AXI_CTRL/DMA_CTRL.srcs/sources_1/new/dma_soc_wrap.v:12]
INFO: [Synth 8-6157] synthesizing module 'dma_engine' [D:/GITHUB_PROJECT/DMA_AXI_CTRL/DMA_CTRL.srcs/sources_1/new/dma_engine.v:35]
	Parameter N_CH bound to: 4 - type: integer 
	Parameter N_CH_W bound to: 2 - type: integer 
	Parameter ADDR_W bound to: 32 - type: integer 
	Parameter LEN_W bound to: 4 - type: integer 
	Parameter ID_W bound to: 4 - type: integer 
	Parameter FIFO_DEPTH bound to: 16 - type: integer 
	Parameter MAX_BURST bound to: 64 - type: integer 
	Parameter BURST_W bound to: 7 - type: integer 
	Parameter TOKEN_W bound to: 4 - type: integer 
	Parameter OUT_W bound to: 4 - type: integer 
	Parameter TIMEOUT_W bound to: 12 - type: integer 
	Parameter PERIPH_NUM_W bound to: 5 - type: integer 
	Parameter LEN_FIELD_W bound to: 16 - type: integer 
	Parameter APB_ADDR_W bound to: 14 - type: integer 
	Parameter DEF_TOKENS bound to: 4 - type: integer 
	Parameter DEF_OUTS bound to: 4 - type: integer 
INFO: [Synth 8-6157] synthesizing module 'dma_channel' [D:/GITHUB_PROJECT/DMA_AXI_CTRL/DMA_CTRL.srcs/sources_1/new/dma_channel.v:38]
	Parameter ADDR_W bound to: 32 - type: integer 
	Parameter LEN_W bound to: 4 - type: integer 
	Parameter ID_W bound to: 4 - type: integer 
	Parameter FIFO_DEPTH bound to: 16 - type: integer 
	Parameter MAX_BURST bound to: 64 - type: integer 
	Parameter BURST_W bound to: 7 - type: integer 
	Parameter TOKEN_W bound to: 4 - type: integer 
	Parameter OUT_W bound to: 4 - type: integer 
	Parameter TIMEOUT_W bound to: 12 - type: integer 
	Parameter PERIPH_NUM_W bound to: 5 - type: integer 
	Parameter LEN_FIELD_W bound to: 16 - type: integer 
WARNING: [Synth 8-693] zero replication count - replication ignored [D:/GITHUB_PROJECT/DMA_AXI_CTRL/DMA_CTRL.srcs/sources_1/new/dma_channel.v:384]
INFO: [Synth 8-6157] synthesizing module 'sync_fifo' [D:/GITHUB_PROJECT/DMA_AXI_CTRL/DMA_CTRL.srcs/sources_1/new/sync_fifo.v:26]
	Parameter DATA_W bound to: 32 - type: integer 
	Parameter DEPTH bound to: 16 - type: integer 
	Parameter AFULL_TH bound to: 4 - type: integer 
	Parameter AEMPTY_TH bound to: 1 - type: integer 
	Parameter OUTREG bound to: 0 - type: integer 
	Parameter PTR_W bound to: 4 - type: integer 
INFO: [Synth 8-6155] done synthesizing module 'sync_fifo' (0#1) [D:/GITHUB_PROJECT/DMA_AXI_CTRL/DMA_CTRL.srcs/sources_1/new/sync_fifo.v:26]
INFO: [Synth 8-6155] done synthesizing module 'dma_channel' (0#1) [D:/GITHUB_PROJECT/DMA_AXI_CTRL/DMA_CTRL.srcs/sources_1/new/dma_channel.v:38]
WARNING: [Synth 8-693] zero replication count - replication ignored [D:/GITHUB_PROJECT/DMA_AXI_CTRL/DMA_CTRL.srcs/sources_1/new/dma_engine.v:237]
WARNING: [Synth 8-693] zero replication count - replication ignored [D:/GITHUB_PROJECT/DMA_AXI_CTRL/DMA_CTRL.srcs/sources_1/new/dma_engine.v:238]
INFO: [Synth 8-6157] synthesizing module 'rr_arbiter' [D:/GITHUB_PROJECT/DMA_AXI_CTRL/DMA_CTRL.srcs/sources_1/new/prim_utils.v:144]
	Parameter N bound to: 4 - type: integer 
INFO: [Synth 8-6155] done synthesizing module 'rr_arbiter' (0#1) [D:/GITHUB_PROJECT/DMA_AXI_CTRL/DMA_CTRL.srcs/sources_1/new/prim_utils.v:144]
INFO: [Synth 8-6157] synthesizing module 'onehot_mux' [D:/GITHUB_PROJECT/DMA_AXI_CTRL/DMA_CTRL.srcs/sources_1/new/prim_utils.v:111]
	Parameter DATA_W bound to: 32 - type: integer 
	Parameter N bound to: 4 - type: integer 
INFO: [Synth 8-6155] done synthesizing module 'onehot_mux' (0#1) [D:/GITHUB_PROJECT/DMA_AXI_CTRL/DMA_CTRL.srcs/sources_1/new/prim_utils.v:111]
INFO: [Synth 8-6157] synthesizing module 'onehot_mux__parameterized0' [D:/GITHUB_PROJECT/DMA_AXI_CTRL/DMA_CTRL.srcs/sources_1/new/prim_utils.v:111]
	Parameter DATA_W bound to: 4 - type: integer 
	Parameter N bound to: 4 - type: integer 
INFO: [Synth 8-6155] done synthesizing module 'onehot_mux__parameterized0' (0#1) [D:/GITHUB_PROJECT/DMA_AXI_CTRL/DMA_CTRL.srcs/sources_1/new/prim_utils.v:111]
INFO: [Synth 8-6157] synthesizing module 'onehot_mux__parameterized1' [D:/GITHUB_PROJECT/DMA_AXI_CTRL/DMA_CTRL.srcs/sources_1/new/prim_utils.v:111]
	Parameter DATA_W bound to: 3 - type: integer 
	Parameter N bound to: 4 - type: integer 
INFO: [Synth 8-6155] done synthesizing module 'onehot_mux__parameterized1' (0#1) [D:/GITHUB_PROJECT/DMA_AXI_CTRL/DMA_CTRL.srcs/sources_1/new/prim_utils.v:111]
INFO: [Synth 8-6157] synthesizing module 'axi4_master_rd' [D:/GITHUB_PROJECT/DMA_AXI_CTRL/DMA_CTRL.srcs/sources_1/new/axi4_master_rd.v:38]
	Parameter ADDR_W bound to: 32 - type: integer 
	Parameter ID_W bound to: 4 - type: integer 
	Parameter LEN_W bound to: 4 - type: integer 
	Parameter CMD_DEPTH bound to: 4 - type: integer 
	Parameter TIMEOUT_W bound to: 12 - type: integer 
INFO: [Synth 8-6157] synthesizing module 'sync_fifo__parameterized0' [D:/GITHUB_PROJECT/DMA_AXI_CTRL/DMA_CTRL.srcs/sources_1/new/sync_fifo.v:26]
	Parameter DATA_W bound to: 4 - type: integer 
	Parameter DEPTH bound to: 4 - type: integer 
	Parameter AFULL_TH bound to: 1 - type: integer 
	Parameter AEMPTY_TH bound to: 1 - type: integer 
	Parameter OUTREG bound to: 0 - type: integer 
	Parameter PTR_W bound to: 2 - type: integer 
INFO: [Synth 8-6155] done synthesizing module 'sync_fifo__parameterized0' (0#1) [D:/GITHUB_PROJECT/DMA_AXI_CTRL/DMA_CTRL.srcs/sources_1/new/sync_fifo.v:26]
INFO: [Synth 8-6157] synthesizing module 'timeout_cnt' [D:/GITHUB_PROJECT/DMA_AXI_CTRL/DMA_CTRL.srcs/sources_1/new/prim_utils.v:56]
	Parameter CNT_W bound to: 12 - type: integer 
	Parameter AUTO_HOLD bound to: 1 - type: integer 
INFO: [Synth 8-6155] done synthesizing module 'timeout_cnt' (0#1) [D:/GITHUB_PROJECT/DMA_AXI_CTRL/DMA_CTRL.srcs/sources_1/new/prim_utils.v:56]
INFO: [Synth 8-6155] done synthesizing module 'axi4_master_rd' (0#1) [D:/GITHUB_PROJECT/DMA_AXI_CTRL/DMA_CTRL.srcs/sources_1/new/axi4_master_rd.v:38]
INFO: [Synth 8-6157] synthesizing module 'axi4_master_wr' [D:/GITHUB_PROJECT/DMA_AXI_CTRL/DMA_CTRL.srcs/sources_1/new/axi4_master_wr.v:31]
	Parameter ADDR_W bound to: 32 - type: integer 
	Parameter ID_W bound to: 4 - type: integer 
	Parameter LEN_W bound to: 4 - type: integer 
	Parameter CMD_DEPTH bound to: 4 - type: integer 
	Parameter TIMEOUT_W bound to: 12 - type: integer 
INFO: [Synth 8-6157] synthesizing module 'sync_fifo__parameterized1' [D:/GITHUB_PROJECT/DMA_AXI_CTRL/DMA_CTRL.srcs/sources_1/new/sync_fifo.v:26]
	Parameter DATA_W bound to: 8 - type: integer 
	Parameter DEPTH bound to: 4 - type: integer 
	Parameter AFULL_TH bound to: 1 - type: integer 
	Parameter AEMPTY_TH bound to: 1 - type: integer 
	Parameter OUTREG bound to: 0 - type: integer 
	Parameter PTR_W bound to: 2 - type: integer 
INFO: [Synth 8-6155] done synthesizing module 'sync_fifo__parameterized1' (0#1) [D:/GITHUB_PROJECT/DMA_AXI_CTRL/DMA_CTRL.srcs/sources_1/new/sync_fifo.v:26]
INFO: [Synth 8-6155] done synthesizing module 'axi4_master_wr' (0#1) [D:/GITHUB_PROJECT/DMA_AXI_CTRL/DMA_CTRL.srcs/sources_1/new/axi4_master_wr.v:31]
INFO: [Synth 8-6155] done synthesizing module 'dma_engine' (0#1) [D:/GITHUB_PROJECT/DMA_AXI_CTRL/DMA_CTRL.srcs/sources_1/new/dma_engine.v:35]
WARNING: [Synth 8-689] width (13) of port connection 'apb_paddr' does not match port width (14) of module 'dma_engine' [D:/GITHUB_PROJECT/DMA_AXI_CTRL/DMA_CTRL.srcs/sources_1/new/dma_soc_wrap.v:88]
INFO: [Synth 8-6155] done synthesizing module 'dma_soc_wrap' (0#1) [D:/GITHUB_PROJECT/DMA_AXI_CTRL/DMA_CTRL.srcs/sources_1/new/dma_soc_wrap.v:12]
WARNING: [Synth 8-7137] Register mem_reg in module sync_fifo has both Set and reset with same priority. This may cause simulation mismatches. Consider rewriting code 
WARNING: [Synth 8-4767] Trying to implement RAM 'mem_reg' in registers. Block RAM or DRAM implementation is not possible; see log for reasons.
Reason is one or more of the following :
	1: RAM is sensitive to asynchronous reset signal. this RTL style is not supported. 
RAM "mem_reg" dissolved into registers
WARNING: [Synth 8-7137] Register tokens_reg in module dma_channel has both Set and reset with same priority. This may cause simulation mismatches. Consider rewriting code  [D:/GITHUB_PROJECT/DMA_AXI_CTRL/DMA_CTRL.srcs/sources_1/new/dma_channel.v:209]
WARNING: [Synth 8-7137] Register mem_reg in module sync_fifo__parameterized0 has both Set and reset with same priority. This may cause simulation mismatches. Consider rewriting code 
WARNING: [Synth 8-4767] Trying to implement RAM 'mem_reg' in registers. Block RAM or DRAM implementation is not possible; see log for reasons.
Reason is one or more of the following :
	1: RAM is sensitive to asynchronous reset signal. this RTL style is not supported. 
RAM "mem_reg" dissolved into registers
WARNING: [Synth 8-7137] Register mem_reg in module sync_fifo__parameterized1 has both Set and reset with same priority. This may cause simulation mismatches. Consider rewriting code 
WARNING: [Synth 8-4767] Trying to implement RAM 'mem_reg' in registers. Block RAM or DRAM implementation is not possible; see log for reasons.
Reason is one or more of the following :
	1: RAM is sensitive to asynchronous reset signal. this RTL style is not supported. 
RAM "mem_reg" dissolved into registers
WARNING: [Synth 8-7129] Port BID[3] in module axi4_master_wr is either unconnected or has no load
WARNING: [Synth 8-7129] Port BID[2] in module axi4_master_wr is either unconnected or has no load
WARNING: [Synth 8-7129] Port BID[1] in module axi4_master_wr is either unconnected or has no load
WARNING: [Synth 8-7129] Port BID[0] in module axi4_master_wr is either unconnected or has no load
WARNING: [Synth 8-7129] Port RID[3] in module axi4_master_rd is either unconnected or has no load
WARNING: [Synth 8-7129] Port RID[2] in module axi4_master_rd is either unconnected or has no load
WARNING: [Synth 8-7129] Port RID[1] in module axi4_master_rd is either unconnected or has no load
WARNING: [Synth 8-7129] Port RID[0] in module axi4_master_rd is either unconnected or has no load
WARNING: [Synth 8-7129] Port rd_dat_last in module dma_channel is either unconnected or has no load
WARNING: [Synth 8-7129] Port rd_rsp_id[3] in module dma_channel is either unconnected or has no load
WARNING: [Synth 8-7129] Port rd_rsp_id[2] in module dma_channel is either unconnected or has no load
WARNING: [Synth 8-7129] Port rd_rsp_id[1] in module dma_channel is either unconnected or has no load
WARNING: [Synth 8-7129] Port rd_rsp_id[0] in module dma_channel is either unconnected or has no load
WARNING: [Synth 8-7129] Port wr_rsp_id[3] in module dma_channel is either unconnected or has no load
WARNING: [Synth 8-7129] Port wr_rsp_id[2] in module dma_channel is either unconnected or has no load
WARNING: [Synth 8-7129] Port wr_rsp_id[1] in module dma_channel is either unconnected or has no load
WARNING: [Synth 8-7129] Port wr_rsp_id[0] in module dma_channel is either unconnected or has no load
WARNING: [Synth 8-7129] Port apb_paddr[13] in module dma_engine is either unconnected or has no load
WARNING: [Synth 8-7129] Port apb_paddr[12] in module dma_engine is either unconnected or has no load
WARNING: [Synth 8-7129] Port apb_paddr[11] in module dma_engine is either unconnected or has no load
WARNING: [Synth 8-7129] Port apb_paddr[10] in module dma_engine is either unconnected or has no load
WARNING: [Synth 8-7129] Port apb_paddr[9] in module dma_engine is either unconnected or has no load
WARNING: [Synth 8-7129] Port apb_paddr[8] in module dma_engine is either unconnected or has no load
WARNING: [Synth 8-7129] Port apb_paddr[7] in module dma_engine is either unconnected or has no load
WARNING: [Synth 8-7129] Port apb_paddr[6] in module dma_engine is either unconnected or has no load
WARNING: [Synth 8-7129] Port apb_paddr[5] in module dma_engine is either unconnected or has no load
WARNING: [Synth 8-7129] Port apb_paddr[4] in module dma_engine is either unconnected or has no load
WARNING: [Synth 8-7129] Port apb_paddr[3] in module dma_engine is either unconnected or has no load
WARNING: [Synth 8-7129] Port apb_paddr[2] in module dma_engine is either unconnected or has no load
WARNING: [Synth 8-7129] Port apb_paddr[1] in module dma_engine is either unconnected or has no load
WARNING: [Synth 8-7129] Port apb_paddr[0] in module dma_engine is either unconnected or has no load
WARNING: [Synth 8-7129] Port apb_pwdata[31] in module dma_engine is either unconnected or has no load
WARNING: [Synth 8-7129] Port apb_pwdata[30] in module dma_engine is either unconnected or has no load
WARNING: [Synth 8-7129] Port apb_pwdata[29] in module dma_engine is either unconnected or has no load
WARNING: [Synth 8-7129] Port apb_pwdata[28] in module dma_engine is either unconnected or has no load
WARNING: [Synth 8-7129] Port apb_pwdata[27] in module dma_engine is either unconnected or has no load
WARNING: [Synth 8-7129] Port apb_pwdata[26] in module dma_engine is either unconnected or has no load
WARNING: [Synth 8-7129] Port apb_pwdata[25] in module dma_engine is either unconnected or has no load
WARNING: [Synth 8-7129] Port apb_pwdata[24] in module dma_engine is either unconnected or has no load
WARNING: [Synth 8-7129] Port apb_pwdata[23] in module dma_engine is either unconnected or has no load
WARNING: [Synth 8-7129] Port apb_pwdata[22] in module dma_engine is either unconnected or has no load
WARNING: [Synth 8-7129] Port apb_pwdata[21] in module dma_engine is either unconnected or has no load
WARNING: [Synth 8-7129] Port apb_pwdata[20] in module dma_engine is either unconnected or has no load
WARNING: [Synth 8-7129] Port apb_pwdata[19] in module dma_engine is either unconnected or has no load
WARNING: [Synth 8-7129] Port apb_pwdata[18] in module dma_engine is either unconnected or has no load
WARNING: [Synth 8-7129] Port apb_pwdata[17] in module dma_engine is either unconnected or has no load
WARNING: [Synth 8-7129] Port apb_pwdata[16] in module dma_engine is either unconnected or has no load
WARNING: [Synth 8-7129] Port apb_pwdata[15] in module dma_engine is either unconnected or has no load
WARNING: [Synth 8-7129] Port apb_pwdata[14] in module dma_engine is either unconnected or has no load
WARNING: [Synth 8-7129] Port apb_pwdata[13] in module dma_engine is either unconnected or has no load
WARNING: [Synth 8-7129] Port apb_pwdata[12] in module dma_engine is either unconnected or has no load
WARNING: [Synth 8-7129] Port apb_pwdata[11] in module dma_engine is either unconnected or has no load
WARNING: [Synth 8-7129] Port apb_pwdata[10] in module dma_engine is either unconnected or has no load
WARNING: [Synth 8-7129] Port apb_pwdata[9] in module dma_engine is either unconnected or has no load
WARNING: [Synth 8-7129] Port apb_pwdata[8] in module dma_engine is either unconnected or has no load
WARNING: [Synth 8-7129] Port apb_pwdata[7] in module dma_engine is either unconnected or has no load
WARNING: [Synth 8-7129] Port apb_pwdata[6] in module dma_engine is either unconnected or has no load
WARNING: [Synth 8-7129] Port apb_pwdata[5] in module dma_engine is either unconnected or has no load
WARNING: [Synth 8-7129] Port apb_pwdata[4] in module dma_engine is either unconnected or has no load
WARNING: [Synth 8-7129] Port apb_pwdata[3] in module dma_engine is either unconnected or has no load
WARNING: [Synth 8-7129] Port apb_pwdata[2] in module dma_engine is either unconnected or has no load
WARNING: [Synth 8-7129] Port apb_pwdata[1] in module dma_engine is either unconnected or has no load
WARNING: [Synth 8-7129] Port apb_pwdata[0] in module dma_engine is either unconnected or has no load
---------------------------------------------------------------------------------
Finished Synthesize : Time (s): cpu = 00:00:14 ; elapsed = 00:00:16 . Memory (MB): peak = 1115.254 ; gain = 571.734
---------------------------------------------------------------------------------
---------------------------------------------------------------------------------
Finished Constraint Validation : Time (s): cpu = 00:00:16 ; elapsed = 00:00:18 . Memory (MB): peak = 1115.254 ; gain = 571.734
---------------------------------------------------------------------------------
---------------------------------------------------------------------------------
Start Loading Part and Timing Information
---------------------------------------------------------------------------------
Loading part: xck26-sfvc784-2LV-c
INFO: [Synth 8-6742] Reading net delay rules and data
---------------------------------------------------------------------------------
INFO: [Device 21-403] Loading part xck26-sfvc784-2LV-c
Finished Loading Part and Timing Information : Time (s): cpu = 00:00:16 ; elapsed = 00:00:18 . Memory (MB): peak = 1115.254 ; gain = 571.734
---------------------------------------------------------------------------------
INFO: [Synth 8-802] inferred FSM for state register 'state_reg' in module 'dma_channel'
---------------------------------------------------------------------------------------------------
                   State |                     New Encoding |                Previous Encoding 
---------------------------------------------------------------------------------------------------
                 ST_IDLE |                               00 |                              000
                  ST_RUN |                               11 |                              001
                ST_DRAIN |                               10 |                              010
                 ST_DONE |                               01 |                              011
---------------------------------------------------------------------------------------------------
INFO: [Synth 8-3354] encoded FSM with state register 'state_reg' using encoding 'sequential' in module 'dma_channel'
---------------------------------------------------------------------------------
Finished RTL Optimization Phase 2 : Time (s): cpu = 00:00:17 ; elapsed = 00:00:19 . Memory (MB): peak = 1115.254 ; gain = 571.734
---------------------------------------------------------------------------------
No constraint files found.
---------------------------------------------------------------------------------
Start RTL Component Statistics 
---------------------------------------------------------------------------------
Detailed RTL Component Info : 
+---Adders : 
	   2 Input   32 Bit       Adders := 8     
	   3 Input   16 Bit       Adders := 8     
	   2 Input   12 Bit       Adders := 3     
	   2 Input    5 Bit       Adders := 16    
	   3 Input    5 Bit       Adders := 4     
	   4 Input    4 Bit       Adders := 8     
	   2 Input    4 Bit       Adders := 29    
	   2 Input    3 Bit       Adders := 12    
	   3 Input    3 Bit       Adders := 3     
+---Registers : 
	               32 Bit    Registers := 76    
	               31 Bit    Registers := 4     
	               16 Bit    Registers := 9     
	               12 Bit    Registers := 3     
	                8 Bit    Registers := 4     
	                7 Bit    Registers := 1     
	                5 Bit    Registers := 9     
	                4 Bit    Registers := 41    
	                3 Bit    Registers := 8     
	                2 Bit    Registers := 12    
	                1 Bit    Registers := 19    
+---Muxes : 
	   4 Input   32 Bit        Muxes := 8     
	   2 Input   32 Bit        Muxes := 9     
	   2 Input   31 Bit        Muxes := 4     
	   4 Input   16 Bit        Muxes := 8     
	   2 Input   12 Bit        Muxes := 3     
	   4 Input    8 Bit        Muxes := 1     
	   2 Input    7 Bit        Muxes := 8     
	   2 Input    4 Bit        Muxes := 57    
	   4 Input    4 Bit        Muxes := 2     
	   2 Input    3 Bit        Muxes := 14    
	   5 Input    2 Bit        Muxes := 4     
	   4 Input    2 Bit        Muxes := 8     
	   2 Input    2 Bit        Muxes := 4     
	   2 Input    1 Bit        Muxes := 144   
	   4 Input    1 Bit        Muxes := 32    
---------------------------------------------------------------------------------
Finished RTL Component Statistics 
---------------------------------------------------------------------------------
---------------------------------------------------------------------------------
Start Part Resource Summary
---------------------------------------------------------------------------------
Part Resources:
DSPs: 1248 (col length:96)
BRAMs: 288 (col length: RAMB18 96 RAMB36 48)
---------------------------------------------------------------------------------
Finished Part Resource Summary
---------------------------------------------------------------------------------
No constraint files found.
---------------------------------------------------------------------------------
Start Cross Boundary and Area Optimization
---------------------------------------------------------------------------------
WARNING: [Synth 8-7080] Parallel synthesis criteria is not met
WARNING: [Synth 8-7129] Port BID[3] in module axi4_master_wr is either unconnected or has no load
WARNING: [Synth 8-7129] Port BID[2] in module axi4_master_wr is either unconnected or has no load
WARNING: [Synth 8-7129] Port BID[1] in module axi4_master_wr is either unconnected or has no load
WARNING: [Synth 8-7129] Port BID[0] in module axi4_master_wr is either unconnected or has no load
WARNING: [Synth 8-7129] Port RID[3] in module axi4_master_rd is either unconnected or has no load
WARNING: [Synth 8-7129] Port RID[2] in module axi4_master_rd is either unconnected or has no load
WARNING: [Synth 8-7129] Port RID[1] in module axi4_master_rd is either unconnected or has no load
WARNING: [Synth 8-7129] Port RID[0] in module axi4_master_rd is either unconnected or has no load
WARNING: [Synth 8-7129] Port rd_dat_last in module dma_channel is either unconnected or has no load
WARNING: [Synth 8-7129] Port rd_rsp_id[3] in module dma_channel is either unconnected or has no load
WARNING: [Synth 8-7129] Port rd_rsp_id[2] in module dma_channel is either unconnected or has no load
WARNING: [Synth 8-7129] Port rd_rsp_id[1] in module dma_channel is either unconnected or has no load
WARNING: [Synth 8-7129] Port rd_rsp_id[0] in module dma_channel is either unconnected or has no load
WARNING: [Synth 8-7129] Port wr_rsp_id[3] in module dma_channel is either unconnected or has no load
WARNING: [Synth 8-7129] Port wr_rsp_id[2] in module dma_channel is either unconnected or has no load
WARNING: [Synth 8-7129] Port wr_rsp_id[1] in module dma_channel is either unconnected or has no load
WARNING: [Synth 8-7129] Port wr_rsp_id[0] in module dma_channel is either unconnected or has no load
WARNING: [Synth 8-7129] Port apb_paddr[13] in module dma_engine is either unconnected or has no load
WARNING: [Synth 8-7129] Port apb_paddr[12] in module dma_engine is either unconnected or has no load
WARNING: [Synth 8-7129] Port apb_paddr[11] in module dma_engine is either unconnected or has no load
WARNING: [Synth 8-7129] Port apb_paddr[10] in module dma_engine is either unconnected or has no load
WARNING: [Synth 8-7129] Port apb_paddr[9] in module dma_engine is either unconnected or has no load
WARNING: [Synth 8-7129] Port apb_paddr[8] in module dma_engine is either unconnected or has no load
WARNING: [Synth 8-7129] Port apb_paddr[7] in module dma_engine is either unconnected or has no load
WARNING: [Synth 8-7129] Port apb_paddr[6] in module dma_engine is either unconnected or has no load
WARNING: [Synth 8-7129] Port apb_paddr[5] in module dma_engine is either unconnected or has no load
WARNING: [Synth 8-7129] Port apb_paddr[4] in module dma_engine is either unconnected or has no load
WARNING: [Synth 8-7129] Port apb_paddr[3] in module dma_engine is either unconnected or has no load
WARNING: [Synth 8-7129] Port apb_paddr[2] in module dma_engine is either unconnected or has no load
WARNING: [Synth 8-7129] Port apb_paddr[1] in module dma_engine is either unconnected or has no load
WARNING: [Synth 8-7129] Port apb_paddr[0] in module dma_engine is either unconnected or has no load
WARNING: [Synth 8-7129] Port apb_pwdata[31] in module dma_engine is either unconnected or has no load
WARNING: [Synth 8-7129] Port apb_pwdata[30] in module dma_engine is either unconnected or has no load
WARNING: [Synth 8-7129] Port apb_pwdata[29] in module dma_engine is either unconnected or has no load
WARNING: [Synth 8-7129] Port apb_pwdata[28] in module dma_engine is either unconnected or has no load
WARNING: [Synth 8-7129] Port apb_pwdata[27] in module dma_engine is either unconnected or has no load
WARNING: [Synth 8-7129] Port apb_pwdata[26] in module dma_engine is either unconnected or has no load
INFO: [Common 17-14] Message 'Synth 8-7129' appears 100 times and further instances of the messages will be disabled. Use the Tcl command set_msg_config to change the current settings.
WARNING: [Synth 8-3332] Sequential element (FSM_sequential_state_reg[1]) is unused and will be removed from module dma_channel__1.
WARNING: [Synth 8-3332] Sequential element (FSM_sequential_state_reg[0]) is unused and will be removed from module dma_channel__1.
WARNING: [Synth 8-3332] Sequential element (FSM_sequential_state_reg[1]) is unused and will be removed from module dma_channel__2.
WARNING: [Synth 8-3332] Sequential element (FSM_sequential_state_reg[0]) is unused and will be removed from module dma_channel__2.
WARNING: [Synth 8-3332] Sequential element (FSM_sequential_state_reg[1]) is unused and will be removed from module dma_channel__3.
WARNING: [Synth 8-3332] Sequential element (FSM_sequential_state_reg[0]) is unused and will be removed from module dma_channel__3.
WARNING: [Synth 8-3332] Sequential element (FSM_sequential_state_reg[1]) is unused and will be removed from module dma_channel.
WARNING: [Synth 8-3332] Sequential element (FSM_sequential_state_reg[0]) is unused and will be removed from module dma_channel.
---------------------------------------------------------------------------------
Finished Cross Boundary and Area Optimization : Time (s): cpu = 00:00:39 ; elapsed = 00:00:46 . Memory (MB): peak = 1888.234 ; gain = 1344.715
---------------------------------------------------------------------------------
No constraint files found.
---------------------------------------------------------------------------------
Start Timing Optimization
---------------------------------------------------------------------------------
---------------------------------------------------------------------------------
Finished Timing Optimization : Time (s): cpu = 00:00:39 ; elapsed = 00:00:46 . Memory (MB): peak = 1888.234 ; gain = 1344.715
---------------------------------------------------------------------------------
---------------------------------------------------------------------------------
Start Technology Mapping
---------------------------------------------------------------------------------
---------------------------------------------------------------------------------
Finished Technology Mapping : Time (s): cpu = 00:00:39 ; elapsed = 00:00:46 . Memory (MB): peak = 1888.234 ; gain = 1344.715
---------------------------------------------------------------------------------
---------------------------------------------------------------------------------
Start IO Insertion
---------------------------------------------------------------------------------
---------------------------------------------------------------------------------
Start Flattening Before IO Insertion
---------------------------------------------------------------------------------
---------------------------------------------------------------------------------
Finished Flattening Before IO Insertion
---------------------------------------------------------------------------------
---------------------------------------------------------------------------------
Start Final Netlist Cleanup
---------------------------------------------------------------------------------
---------------------------------------------------------------------------------
Finished Final Netlist Cleanup
---------------------------------------------------------------------------------
---------------------------------------------------------------------------------
Finished IO Insertion : Time (s): cpu = 00:00:50 ; elapsed = 00:00:58 . Memory (MB): peak = 1888.234 ; gain = 1344.715
---------------------------------------------------------------------------------
---------------------------------------------------------------------------------
Start Renaming Generated Instances
---------------------------------------------------------------------------------
---------------------------------------------------------------------------------
Finished Renaming Generated Instances : Time (s): cpu = 00:00:50 ; elapsed = 00:00:58 . Memory (MB): peak = 1888.234 ; gain = 1344.715
---------------------------------------------------------------------------------
---------------------------------------------------------------------------------
Start Rebuilding User Hierarchy
---------------------------------------------------------------------------------
---------------------------------------------------------------------------------
Finished Rebuilding User Hierarchy : Time (s): cpu = 00:00:50 ; elapsed = 00:00:58 . Memory (MB): peak = 1888.234 ; gain = 1344.715
---------------------------------------------------------------------------------
---------------------------------------------------------------------------------
Start Renaming Generated Ports
---------------------------------------------------------------------------------
---------------------------------------------------------------------------------
Finished Renaming Generated Ports : Time (s): cpu = 00:00:50 ; elapsed = 00:00:58 . Memory (MB): peak = 1888.234 ; gain = 1344.715
---------------------------------------------------------------------------------
---------------------------------------------------------------------------------
Start Handling Custom Attributes
---------------------------------------------------------------------------------
---------------------------------------------------------------------------------
Finished Handling Custom Attributes : Time (s): cpu = 00:00:50 ; elapsed = 00:00:58 . Memory (MB): peak = 1888.234 ; gain = 1344.715
---------------------------------------------------------------------------------
---------------------------------------------------------------------------------
Start Renaming Generated Nets
---------------------------------------------------------------------------------
---------------------------------------------------------------------------------
Finished Renaming Generated Nets : Time (s): cpu = 00:00:50 ; elapsed = 00:00:58 . Memory (MB): peak = 1888.234 ; gain = 1344.715
---------------------------------------------------------------------------------
---------------------------------------------------------------------------------
Start Writing Synthesis Report
---------------------------------------------------------------------------------

Report BlackBoxes: 
+-+--------------+----------+
| |BlackBox name |Instances |
+-+--------------+----------+
+-+--------------+----------+

Report Cell Usage: 
+------+-----+------+
|      |Cell |Count |
+------+-----+------+
|1     |BUFG |     1|
|2     |LUT1 |     1|
|3     |LUT2 |     1|
|4     |FDCE |     1|
|5     |IBUF |     4|
|6     |OBUF |   197|
+------+-----+------+

Report Instance Areas: 
+------+---------------+-----------+------+
|      |Instance       |Module     |Cells |
+------+---------------+-----------+------+
|1     |top            |           |   205|
|2     |  u_dma_engine |dma_engine |     3|
+------+---------------+-----------+------+
---------------------------------------------------------------------------------
Finished Writing Synthesis Report : Time (s): cpu = 00:00:50 ; elapsed = 00:00:58 . Memory (MB): peak = 1888.234 ; gain = 1344.715
---------------------------------------------------------------------------------
Synthesis finished with 0 errors, 0 critical warnings and 146 warnings.
Synthesis Optimization Runtime : Time (s): cpu = 00:00:50 ; elapsed = 00:00:59 . Memory (MB): peak = 1888.234 ; gain = 1344.715
Synthesis Optimization Complete : Time (s): cpu = 00:00:50 ; elapsed = 00:00:59 . Memory (MB): peak = 1888.234 ; gain = 1344.715
INFO: [Project 1-571] Translating synthesized netlist
Netlist sorting complete. Time (s): cpu = 00:00:00 ; elapsed = 00:00:00.004 . Memory (MB): peak = 1888.234 ; gain = 0.000
INFO: [Netlist 29-17] Analyzing 5 Unisim elements for replacement
INFO: [Netlist 29-28] Unisim Transformation completed in 0 CPU seconds
INFO: [Project 1-570] Preparing netlist for logic optimization
INFO: [Opt 31-138] Pushed 0 inverter(s) to 0 load pin(s).
Netlist sorting complete. Time (s): cpu = 00:00:00 ; elapsed = 00:00:00 . Memory (MB): peak = 1958.324 ; gain = 0.000
INFO: [Project 1-111] Unisim Transformation Summary:
  A total of 5 instances were transformed.
  BUFG => BUFGCE: 1 instance 
  IBUF => IBUF (IBUFCTRL, INBUF): 4 instances

Synth Design complete | Checksum: 40532126
INFO: [Common 17-83] Releasing license: Synthesis
46 Infos, 120 Warnings, 0 Critical Warnings and 0 Errors encountered.
synth_design completed successfully
synth_design: Time (s): cpu = 00:00:56 ; elapsed = 00:01:07 . Memory (MB): peak = 1958.324 ; gain = 1422.086
Write ShapeDB Complete: Time (s): cpu = 00:00:00 ; elapsed = 00:00:00.016 . Memory (MB): peak = 1958.324 ; gain = 0.000
INFO: [Common 17-1381] The checkpoint 'D:/GITHUB_PROJECT/DMA_AXI_CTRL/DMA_CTRL.runs/synth_1/dma_soc_wrap.dcp' has been generated.
INFO: [Vivado 12-24828] Executing command : report_utilization -file dma_soc_wrap_utilization_synth.rpt -pb dma_soc_wrap_utilization_synth.pb
INFO: [Common 17-206] Exiting Vivado at Fri Mar 20 15:56:14 2026...
