Copyright 1986-2022 Xilinx, Inc. All Rights Reserved. Copyright 2022-2024 Advanced Micro Devices, Inc. All Rights Reserved.
---------------------------------------------------------------------------------------------------------------------------------------------
| Tool Version : Vivado v.2024.1 (win64) Build 5076996 Wed May 22 18:37:14 MDT 2024
| Date         : Fri Mar 20 15:58:47 2026
| Host         : MinhSang running 64-bit major release  (build 9200)
| Command      : report_drc -file dma_soc_wrap_drc_opted.rpt -pb dma_soc_wrap_drc_opted.pb -rpx dma_soc_wrap_drc_opted.rpx
| Design       : dma_soc_wrap
| Device       : xck26-sfvc784-2LV-c
| Speed File   : -2LV
| Design State : Synthesized
---------------------------------------------------------------------------------------------------------------------------------------------

Report DRC

Table of Contents
-----------------
1. REPORT SUMMARY
2. REPORT DETAILS

1. REPORT SUMMARY
-----------------
            Netlist: netlist
          Floorplan: design_1
      Design limits: <entire design considered>
           Ruledeck: default
             Max violations: <unlimited>
             Violations found: 3
+---------+------------------+----------------------------+------------+
| Rule    | Severity         | Description                | Violations |
+---------+------------------+----------------------------+------------+
| NSTD-1  | Critical Warning | Unspecified I/O Standard   | 1          |
| UCIO-1  | Critical Warning | Unconstrained Logical Port | 1          |
| IOCNT-1 | Warning          | Number of IOs              | 1          |
+---------+------------------+----------------------------+------------+

2. REPORT DETAILS
-----------------
NSTD-1#1 Critical Warning
Unspecified I/O Standard  
201 out of 201 logical ports use I/O standard (IOSTANDARD) value 'DEFAULT', instead of a user assigned specific value. This may cause I/O contention or incompatibility with the board power or connectivity affecting performance, signal integrity or in extreme cases cause damage to the device or the components to which it is connected. To correct this violation, specify all I/O standards. This design will fail to generate a bitstream unless all logical ports have a user specified I/O standard value defined. To allow bitstream creation with unspecified I/O standard values (not recommended), use this command: set_property SEVERITY {Warning} [get_drc_checks NSTD-1].  NOTE: When using the Vivado Runs infrastructure (e.g. launch_runs Tcl command), add this command to a .tcl file and add that file as a pre-hook for write_bitstream step for the implementation run. Problem ports: clk_bus, dma_irq[3:0], m_axi_araddr[31:0], m_axi_arid[3:0],
m_axi_arlen[3:0], m_axi_arsize[2:0], m_axi_arvalid, m_axi_awaddr[31:0],
m_axi_awid[3:0], m_axi_awlen[3:0], m_axi_awsize[2:0], m_axi_wdata[31:0],
m_axi_wstrb[3:0], periph_dma_clr[31:1], s_apb_prdata[31:0]
 (the first 15 of 25 listed).
Related violations: <none>

UCIO-1#1 Critical Warning
Unconstrained Logical Port  
201 out of 201 logical ports have no user assigned specific location constraint (LOC). This may cause I/O contention or incompatibility with the board power or connectivity affecting performance, signal integrity or in extreme cases cause damage to the device or the components to which it is connected. To correct this violation, specify all pin locations. This design will fail to generate a bitstream unless all logical ports have a user specified site LOC constraint defined.  To allow bitstream creation with unspecified pin locations (not recommended), use this command: set_property SEVERITY {Warning} [get_drc_checks UCIO-1].  NOTE: When using the Vivado Runs infrastructure (e.g. launch_runs Tcl command), add this command to a .tcl file and add that file as a pre-hook for write_bitstream step for the implementation run.  Problem ports: clk_bus, dma_irq[3:0], m_axi_araddr[31:0], m_axi_arid[3:0],
m_axi_arlen[3:0], m_axi_arsize[2:0], m_axi_arvalid, m_axi_awaddr[31:0],
m_axi_awid[3:0], m_axi_awlen[3:0], m_axi_awsize[2:0], m_axi_wdata[31:0],
m_axi_wstrb[3:0], periph_dma_clr[31:1], s_apb_prdata[31:0]
 (the first 15 of 25 listed).
Related violations: <none>

IOCNT-1#1 Warning
Number of IOs  
The design contains 201 unplaced I/O ports while the target device, xck26-sfvc784-2LV-c, has 189 remaining available user I/O pins. This DRC assumes that all ports which do not drive MGT pins should be placed on user I/O pins. To correct this issue:
1. Ensure you are targeting the correct device and package. Select a larger device or different package if necessary.
2. Check the top-level ports of the design to ensure the correct number of ports are specified.
3. Consider design changes to reduce the number of user I/O pins needed.

Related violations: <none>


